# JRE version: Java(TM) SE Runtime Environment (7.0_80-b15) (build 1.7.0_80-b15)
# Java VM: Java HotSpot(TM) 64-Bit Server VM (24.80-b11 mixed mode windows-amd64 compressed oops)
Heap
 PSYoungGen      total 37888K, used 37881K [0x00000000f0000000, 0x00000000f4a00000, 0x0000000100000000)
  eden space 32768K, 100% used [0x00000000f0000000,0x00000000f2000000,0x00000000f2000000)
  from space 5120K, 99% used [0x00000000f2000000,0x00000000f24fe4f8,0x00000000f2500000)
  to   space 5120K, 99% used [0x00000000f4500000,0x00000000f49ff558,0x00000000f4a00000)
 ParOldGen       total 86016K, used 15918K [0x00000000d0000000, 0x00000000d5400000, 0x00000000f0000000)
  object space 86016K, 18% used [0x00000000d0000000,0x00000000d0f8ba90,0x00000000d5400000)
 PSPermGen       total 21504K, used 17594K [0x00000000cae00000, 0x00000000cc300000, 0x00000000d0000000)
  object space 21504K, 81% used [0x00000000cae00000,0x00000000cbf2ea00,0x00000000cc300000)
GC Heap History (7 events):
Event: 1.155 GC heap before
{Heap before GC invocations=1 (full 0):
 PSYoungGen      total 37888K, used 32768K [0x00000000f0000000, 0x00000000f2a00000, 0x0000000100000000)
  eden space 32768K, 100% used [0x00000000f0000000,0x00000000f2000000,0x00000000f2000000)
  from space 5120K, 0% used [0x00000000f2500000,0x00000000f2500000,0x00000000f2a00000)
  to   space 5120K, 0% used [0x00000000f2000000,0x00000000f2000000,0x00000000f2500000)
 ParOldGen       total 86016K, used 0K [0x00000000d0000000, 0x00000000d5400000, 0x00000000f0000000)
  object space 86016K, 0% used [0x00000000d0000000,0x00000000d0000000,0x00000000d5400000)
 PSPermGen       total 21504K, used 7918K [0x00000000cae00000, 0x00000000cc300000, 0x00000000d0000000)
  object space 21504K, 36% used [0x00000000cae00000,0x00000000cb5bb908,0x00000000cc300000)
Event: 1.166 GC heap after
Heap after GC invocations=1 (full 0):
 PSYoungGen      total 37888K, used 5113K [0x00000000f0000000, 0x00000000f2a00000, 0x0000000100000000)
  eden space 32768K, 0% used [0x00000000f0000000,0x00000000f0000000,0x00000000f2000000)
  from space 5120K, 99% used [0x00000000f2000000,0x00000000f24fe518,0x00000000f2500000)
  to   space 5120K, 0% used [0x00000000f2500000,0x00000000f2500000,0x00000000f2a00000)
 ParOldGen       total 86016K, used 3270K [0x00000000d0000000, 0x00000000d5400000, 0x00000000f0000000)
  object space 86016K, 3% used [0x00000000d0000000,0x00000000d0331858,0x00000000d5400000)
 PSPermGen       total 21504K, used 7918K [0x00000000cae00000, 0x00000000cc300000, 0x00000000d0000000)
  object space 21504K, 36% used [0x00000000cae00000,0x00000000cb5bb908,0x00000000cc300000)
}
Event: 1.810 GC heap before
{Heap before GC invocations=2 (full 0):
 PSYoungGen      total 37888K, used 37881K [0x00000000f0000000, 0x00000000f2a00000, 0x0000000100000000)
  eden space 32768K, 100% used [0x00000000f0000000,0x00000000f2000000,0x00000000f2000000)
  from space 5120K, 99% used [0x00000000f2000000,0x00000000f24fe518,0x00000000f2500000)
  to   space 5120K, 0% used [0x00000000f2500000,0x00000000f2500000,0x00000000f2a00000)
 ParOldGen       total 86016K, used 3270K [0x00000000d0000000, 0x00000000d5400000, 0x00000000f0000000)
  object space 86016K, 3% used [0x00000000d0000000,0x00000000d0331858,0x00000000d5400000)
 PSPermGen       total 21504K, used 10301K [0x00000000cae00000, 0x00000000cc300000, 0x00000000d0000000)
  object space 21504K, 47% used [0x00000000cae00000,0x00000000cb80f738,0x00000000cc300000)
Event: 1.830 GC heap after
Heap after GC invocations=2 (full 0):
 PSYoungGen      total 37888K, used 5120K [0x00000000f0000000, 0x00000000f4a00000, 0x0000000100000000)
  eden space 32768K, 0% used [0x00000000f0000000,0x00000000f0000000,0x00000000f2000000)
  from space 5120K, 100% used [0x00000000f2500000,0x00000000f2a00000,0x00000000f2a00000)
  to   space 5120K, 0% used [0x00000000f2000000,0x00000000f2000000,0x00000000f2500000)
 ParOldGen       total 86016K, used 9624K [0x00000000d0000000, 0x00000000d5400000, 0x00000000f0000000)
  object space 86016K, 11% used [0x00000000d0000000,0x00000000d0966268,0x00000000d5400000)
 PSPermGen       total 21504K, used 10301K [0x00000000cae00000, 0x00000000cc300000, 0x00000000d0000000)
  object space 21504K, 47% used [0x00000000cae00000,0x00000000cb80f738,0x00000000cc300000)
}
Event: 2.229 GC heap before
{Heap before GC invocations=3 (full 0):
 PSYoungGen      total 37888K, used 37888K [0x00000000f0000000, 0x00000000f4a00000, 0x0000000100000000)
  eden space 32768K, 100% used [0x00000000f0000000,0x00000000f2000000,0x00000000f2000000)
  from space 5120K, 100% used [0x00000000f2500000,0x00000000f2a00000,0x00000000f2a00000)
  to   space 5120K, 0% used [0x00000000f2000000,0x00000000f2000000,0x00000000f2500000)
 ParOldGen       total 86016K, used 9624K [0x00000000d0000000, 0x00000000d5400000, 0x00000000f0000000)
  object space 86016K, 11% used [0x00000000d0000000,0x00000000d0966268,0x00000000d5400000)
 PSPermGen       total 21504K, used 14247K [0x00000000cae00000, 0x00000000cc300000, 0x00000000d0000000)
  object space 21504K, 66% used [0x00000000cae00000,0x00000000cbbe9ce0,0x00000000cc300000)
Event: 2.241 GC heap after
Heap after GC invocations=3 (full 0):
 PSYoungGen      total 37888K, used 5113K [0x00000000f0000000, 0x00000000f4a00000, 0x0000000100000000)
  eden space 32768K, 0% used [0x00000000f0000000,0x00000000f0000000,0x00000000f2000000)
  from space 5120K, 99% used [0x00000000f2000000,0x00000000f24fe4f8,0x00000000f2500000)
  to   space 5120K, 0% used [0x00000000f4500000,0x00000000f4500000,0x00000000f4a00000)
 ParOldGen       total 86016K, used 14101K [0x00000000d0000000, 0x00000000d5400000, 0x00000000f0000000)
  object space 86016K, 16% used [0x00000000d0000000,0x00000000d0dc56a8,0x00000000d5400000)
 PSPermGen       total 21504K, used 14247K [0x00000000cae00000, 0x00000000cc300000, 0x00000000d0000000)
  object space 21504K, 66% used [0x00000000cae00000,0x00000000cbbe9ce0,0x00000000cc300000)
}
Event: 2.705 GC heap before
{Heap before GC invocations=4 (full 0):
 PSYoungGen      total 37888K, used 37881K [0x00000000f0000000, 0x00000000f4a00000, 0x0000000100000000)
  eden space 32768K, 100% used [0x00000000f0000000,0x00000000f2000000,0x00000000f2000000)
  from space 5120K, 99% used [0x00000000f2000000,0x00000000f24fe4f8,0x00000000f2500000)
  to   space 5120K, 0% used [0x00000000f4500000,0x00000000f4500000,0x00000000f4a00000)
 ParOldGen       total 86016K, used 14101K [0x00000000d0000000, 0x00000000d5400000, 0x00000000f0000000)
  object space 86016K, 16% used [0x00000000d0000000,0x00000000d0dc56a8,0x00000000d5400000)
 PSPermGen       total 21504K, used 17594K [0x00000000cae00000, 0x00000000cc300000, 0x00000000d0000000)
  object space 21504K, 81% used [0x00000000cae00000,0x00000000cbf2ea00,0x00000000cc300000)

